<?xml version="1.0" encoding="UTF-8"?>
<!-- Generated by org.testng.reporters.JUnitReportReporter -->
<testsuite skipped="0" hostname="NSAW-M-R0YR" name="dodo.learning.mockito.TestWithMockito" tests="1" failures="0" timestamp="11 Apr 2020 06:31:58 GMT" time="0.006" errors="0">
  <testcase name="testAdd" time="0.006" classname="dodo.learning.mockito.TestWithMockito"/>
</testsuite> <!-- dodo.learning.mockito.TestWithMockito -->
