<?xml version="1.0" encoding="UTF-8"?>
<!-- Generated by org.testng.reporters.JUnitReportReporter -->
<testsuite skipped="0" hostname="NSAW-M-R0YR" name="dodo.learning.thread.ThreadTest" tests="5" failures="0" timestamp="28 Aug 2020 08:36:43 GMT" time="6.068" errors="0">
  <testcase name="testNewTheadObject" time="3.002" classname="dodo.learning.thread.ThreadTest"/>
  <testcase name="testFuture" time="0.008" classname="dodo.learning.thread.ThreadTest"/>
  <testcase name="testThreadLocalWithoutLocalThread" time="1.003" classname="dodo.learning.thread.ThreadTest"/>
  <testcase name="testNewRunnable" time="1.005" classname="dodo.learning.thread.ThreadTest"/>
  <testcase name="testThreadLocal" time="1.050" classname="dodo.learning.thread.ThreadTest"/>
</testsuite> <!-- dodo.learning.thread.ThreadTest -->
