<?xml version="1.0" encoding="UTF-8"?>
<!-- Generated by org.testng.reporters.JUnitReportReporter -->
<testsuite skipped="0" hostname="NSAW-M-R0YR" name="dodo.learning.thread.ProducerTest" tests="1" failures="0" timestamp="28 Aug 2020 10:51:12 GMT" time="5.010" errors="0">
  <testcase name="testProducer" time="5.010" classname="dodo.learning.thread.ProducerTest"/>
</testsuite> <!-- dodo.learning.thread.ProducerTest -->
