<?xml version="1.0" encoding="UTF-8"?>
<!-- Generated by org.testng.reporters.JUnitReportReporter -->
<testsuite skipped="0" hostname="NSAW-M-R0YR" name="dodo.learning.mockito.InheritanceTest" tests="1" failures="0" timestamp="28 Apr 2020 10:21:35 GMT" time="0.011" errors="0">
  <testcase name="testSuperSub" time="0.011" classname="dodo.learning.mockito.InheritanceTest"/>
</testsuite> <!-- dodo.learning.mockito.InheritanceTest -->
