<?xml version="1.0" encoding="UTF-8"?>
<!-- Generated by org.testng.reporters.JUnitReportReporter -->
<testsuite skipped="0" hostname="NSAW-M-R0YR" name="dodo.learning.mockito.EqualTest" tests="2" failures="0" timestamp="17 Apr 2020 13:34:54 GMT" time="0.015" errors="0">
  <testcase name="testEmpty" time="0.013" classname="dodo.learning.mockito.EqualTest"/>
  <testcase name="testList" time="0.002" classname="dodo.learning.mockito.EqualTest"/>
</testsuite> <!-- dodo.learning.mockito.EqualTest -->
