<?xml version="1.0" encoding="UTF-8"?>
<!-- Generated by org.testng.reporters.JUnitReportReporter -->
<testsuite skipped="0" hostname="NSAW-M-R0YR" name="dodo.learning.thread.RestraurantTest" tests="1" failures="0" timestamp="28 Aug 2020 15:14:44 GMT" time="20.014" errors="0">
  <testcase name="testTypicalRestraurant" time="20.014" classname="dodo.learning.thread.RestraurantTest"/>
</testsuite> <!-- dodo.learning.thread.RestraurantTest -->
