<?xml version="1.0" encoding="UTF-8"?>
<!-- Generated by org.testng.reporters.JUnitReportReporter -->
<testsuite skipped="0" hostname="NSAW-M-R0YR" name="dodo.learning.thread.BigArrayThreadTest" tests="1" failures="0" timestamp="28 Aug 2020 09:41:36 GMT" time="1.011" errors="0">
  <testcase name="testMultiProcessingArray" time="1.011" classname="dodo.learning.thread.BigArrayThreadTest"/>
</testsuite> <!-- dodo.learning.thread.BigArrayThreadTest -->
