<?xml version="1.0" encoding="UTF-8"?>
<!-- Generated by org.testng.reporters.JUnitReportReporter -->
<testsuite skipped="0" hostname="NSAW-M-R0YR" name="dodo.learning.jackson.SerializationTest" tests="2" failures="0" timestamp="19 Apr 2020 13:24:10 GMT" time="0.277" errors="0">
  <testcase name="testSerialization" time="0.027" classname="dodo.learning.jackson.SerializationTest"/>
  <testcase name="testDeserialization" time="0.250" classname="dodo.learning.jackson.SerializationTest"/>
</testsuite> <!-- dodo.learning.jackson.SerializationTest -->
